Performing C++ SOURCE FILE Test CMAKE_HAVE_LIBC_PTHREAD failed with the following output:
Change Dir: /localcodebase/DRL/libtorch_learning/build/CMakeFiles/CMakeTmp

Run Build Command(s):/usr/bin/make cmTC_21478/fast && /usr/bin/make -f CMakeFiles/cmTC_21478.dir/build.make CMakeFiles/cmTC_21478.dir/build
make[1]: Entering directory '/localcodebase/DRL/libtorch_learning/build/CMakeFiles/CMakeTmp'
Building CXX object CMakeFiles/cmTC_21478.dir/src.cxx.o
/usr/bin/c++    -DCMAKE_HAVE_LIBC_PTHREAD   -o CMakeFiles/cmTC_21478.dir/src.cxx.o -c /localcodebase/DRL/libtorch_learning/build/CMakeFiles/CMakeTmp/src.cxx
Linking CXX executable cmTC_21478
/home/shreyas/cmake-3.17.0-Linux-x86_64/bin/cmake -E cmake_link_script CMakeFiles/cmTC_21478.dir/link.txt --verbose=1
/usr/bin/c++   -DCMAKE_HAVE_LIBC_PTHREAD    CMakeFiles/cmTC_21478.dir/src.cxx.o  -o cmTC_21478 
CMakeFiles/cmTC_21478.dir/src.cxx.o: In function `main':
src.cxx:(.text+0x3e): undefined reference to `pthread_create'
src.cxx:(.text+0x4a): undefined reference to `pthread_detach'
src.cxx:(.text+0x56): undefined reference to `pthread_cancel'
src.cxx:(.text+0x67): undefined reference to `pthread_join'
src.cxx:(.text+0x7b): undefined reference to `pthread_atfork'
collect2: error: ld returned 1 exit status
CMakeFiles/cmTC_21478.dir/build.make:103: recipe for target 'cmTC_21478' failed
make[1]: *** [cmTC_21478] Error 1
make[1]: Leaving directory '/localcodebase/DRL/libtorch_learning/build/CMakeFiles/CMakeTmp'
Makefile:138: recipe for target 'cmTC_21478/fast' failed
make: *** [cmTC_21478/fast] Error 2


Source file was:
#include <pthread.h>

void* test_func(void* data)
{
  return data;
}

int main(void)
{
  pthread_t thread;
  pthread_create(&thread, NULL, test_func, NULL);
  pthread_detach(thread);
  pthread_cancel(thread);
  pthread_join(thread, NULL);
  pthread_atfork(NULL, NULL, NULL);
  pthread_exit(NULL);

  return 0;
}

Determining if the function pthread_create exists in the pthreads failed with the following output:
Change Dir: /localcodebase/DRL/libtorch_learning/build/CMakeFiles/CMakeTmp

Run Build Command(s):/usr/bin/make cmTC_f173f/fast && /usr/bin/make -f CMakeFiles/cmTC_f173f.dir/build.make CMakeFiles/cmTC_f173f.dir/build
make[1]: Entering directory '/localcodebase/DRL/libtorch_learning/build/CMakeFiles/CMakeTmp'
Building CXX object CMakeFiles/cmTC_f173f.dir/CheckFunctionExists.cxx.o
/usr/bin/c++    -DCHECK_FUNCTION_EXISTS=pthread_create   -o CMakeFiles/cmTC_f173f.dir/CheckFunctionExists.cxx.o -c /localcodebase/DRL/libtorch_learning/build/CMakeFiles/CheckLibraryExists/CheckFunctionExists.cxx
Linking CXX executable cmTC_f173f
/home/shreyas/cmake-3.17.0-Linux-x86_64/bin/cmake -E cmake_link_script CMakeFiles/cmTC_f173f.dir/link.txt --verbose=1
/usr/bin/c++   -DCHECK_FUNCTION_EXISTS=pthread_create    CMakeFiles/cmTC_f173f.dir/CheckFunctionExists.cxx.o  -o cmTC_f173f  -lpthreads 
/usr/bin/ld: cannot find -lpthreads
collect2: error: ld returned 1 exit status
CMakeFiles/cmTC_f173f.dir/build.make:103: recipe for target 'cmTC_f173f' failed
make[1]: *** [cmTC_f173f] Error 1
make[1]: Leaving directory '/localcodebase/DRL/libtorch_learning/build/CMakeFiles/CMakeTmp'
Makefile:138: recipe for target 'cmTC_f173f/fast' failed
make: *** [cmTC_f173f/fast] Error 2



